<?xml version="1.0" encoding="UTF-8"?>
<!-- Generated by org.testng.reporters.JUnitReportReporter -->
<testsuite skipped="0" hostname="San-Dell10" name="com.westCoastPirates.AnyAutOrange.HomePage" tests="2" failures="0" timestamp="05 Oct 2017 06:31:23 GMT" time="9.753" errors="0">
  <testcase name="basePageNavigation" time="4.597" classname="com.westCoastPirates.AnyAutOrange.HomePage"/>
  <testcase name="basePageNavigation" time="5.156" classname="com.westCoastPirates.AnyAutOrange.HomePage"/>
</testsuite> <!-- com.westCoastPirates.AnyAutOrange.HomePage -->
