<?xml version="1.0" encoding="UTF-8"?>
<!-- Generated by org.testng.reporters.JUnitReportReporter -->
<testsuite skipped="0" hostname="San-Dell10" name="com.westCoastPirates.AnyAutOrange.Dashboard" tests="1" failures="0" timestamp="05 Oct 2017 06:33:35 GMT" time="86.080" errors="0">
  <testcase name="dashboardnavigation" time="86.080" classname="com.westCoastPirates.AnyAutOrange.Dashboard"/>
</testsuite> <!-- com.westCoastPirates.AnyAutOrange.Dashboard -->
